# JRE version: Java(TM) SE Runtime Environment (17.0.8+9) (build 17.0.8+9-LTS-211)
# Java VM: Java HotSpot(TM) 64-Bit Server VM (17.0.8+9-LTS-211, mixed mode, sharing, tiered, compressed oops, compressed class ptrs, g1 gc, windows-amd64)
GC Precious Log:
 CPUs: 16 total, 16 available
 Memory: 6005M
 Large Page Support: Disabled
 NUMA Support: Disabled
 Compressed Oops: Enabled (32-bit)
 Heap Region Size: 1M
 Heap Min Capacity: 8M
 Heap Initial Capacity: 94M
 Heap Max Capacity: 1502M
 Pre-touch: Disabled
 Parallel Workers: 13
 Concurrent Workers: 3
 Concurrent Refinement Workers: 13
 Periodic GC: Disabled
Heap:
 garbage-first heap   total 55296K, used 34024K [0x00000000a2200000, 0x0000000100000000)
  region size 1024K, 17 young (17408K), 3 survivors (3072K)
 Metaspace       used 39676K, committed 40000K, reserved 1114112K
  class space    used 5272K, committed 5440K, reserved 1048576K
GC Heap History (18 events):
Event: 1.237 GC heap before
{Heap before GC invocations=0 (full 0):
 garbage-first heap   total 96256K, used 24576K [0x00000000a2200000, 0x0000000100000000)
  region size 1024K, 23 young (23552K), 0 survivors (0K)
 Metaspace       used 5234K, committed 5376K, reserved 1114112K
  class space    used 582K, committed 640K, reserved 1048576K
}
Event: 1.247 GC heap after
{Heap after GC invocations=1 (full 0):
 garbage-first heap   total 96256K, used 8712K [0x00000000a2200000, 0x0000000100000000)
  region size 1024K, 3 young (3072K), 3 survivors (3072K)
 Metaspace       used 5234K, committed 5376K, reserved 1114112K
  class space    used 582K, committed 640K, reserved 1048576K
}
Event: 2.498 GC heap before
{Heap before GC invocations=1 (full 0):
 garbage-first heap   total 96256K, used 34312K [0x00000000a2200000, 0x0000000100000000)
  region size 1024K, 28 young (28672K), 3 survivors (3072K)
 Metaspace       used 12161K, committed 12416K, reserved 1114112K
  class space    used 1531K, committed 1664K, reserved 1048576K
}
Event: 2.505 GC heap after
{Heap after GC invocations=2 (full 0):
 garbage-first heap   total 96256K, used 11223K [0x00000000a2200000, 0x0000000100000000)
  region size 1024K, 3 young (3072K), 3 survivors (3072K)
 Metaspace       used 12161K, committed 12416K, reserved 1114112K
  class space    used 1531K, committed 1664K, reserved 1048576K
}
Event: 3.679 GC heap before
{Heap before GC invocations=2 (full 0):
 garbage-first heap   total 96256K, used 53207K [0x00000000a2200000, 0x0000000100000000)
  region size 1024K, 45 young (46080K), 3 survivors (3072K)
 Metaspace       used 21005K, committed 21248K, reserved 1114112K
  class space    used 2646K, committed 2752K, reserved 1048576K
}
Event: 3.688 GC heap after
{Heap after GC invocations=3 (full 0):
 garbage-first heap   total 96256K, used 13832K [0x00000000a2200000, 0x0000000100000000)
  region size 1024K, 5 young (5120K), 5 survivors (5120K)
 Metaspace       used 21005K, committed 21248K, reserved 1114112K
  class space    used 2646K, committed 2752K, reserved 1048576K
}
Event: 3.846 GC heap before
{Heap before GC invocations=3 (full 0):
 garbage-first heap   total 96256K, used 16904K [0x00000000a2200000, 0x0000000100000000)
  region size 1024K, 9 young (9216K), 5 survivors (5120K)
 Metaspace       used 21269K, committed 21504K, reserved 1114112K
  class space    used 2678K, committed 2816K, reserved 1048576K
}
Event: 3.856 GC heap after
{Heap after GC invocations=4 (full 0):
 garbage-first heap   total 96256K, used 14523K [0x00000000a2200000, 0x0000000100000000)
  region size 1024K, 4 young (4096K), 4 survivors (4096K)
 Metaspace       used 21269K, committed 21504K, reserved 1114112K
  class space    used 2678K, committed 2816K, reserved 1048576K
}
Event: 5.290 GC heap before
{Heap before GC invocations=5 (full 0):
 garbage-first heap   total 55296K, used 42171K [0x00000000a2200000, 0x0000000100000000)
  region size 1024K, 32 young (32768K), 4 survivors (4096K)
 Metaspace       used 24689K, committed 24960K, reserved 1114112K
  class space    used 3140K, committed 3264K, reserved 1048576K
}
Event: 5.298 GC heap after
{Heap after GC invocations=6 (full 0):
 garbage-first heap   total 55296K, used 15727K [0x00000000a2200000, 0x0000000100000000)
  region size 1024K, 3 young (3072K), 3 survivors (3072K)
 Metaspace       used 24689K, committed 24960K, reserved 1114112K
  class space    used 3140K, committed 3264K, reserved 1048576K
}
Event: 5.330 GC heap before
{Heap before GC invocations=6 (full 0):
 garbage-first heap   total 55296K, used 15727K [0x00000000a2200000, 0x0000000100000000)
  region size 1024K, 4 young (4096K), 3 survivors (3072K)
 Metaspace       used 24972K, committed 25152K, reserved 1114112K
  class space    used 3179K, committed 3264K, reserved 1048576K
}
Event: 5.335 GC heap after
{Heap after GC invocations=7 (full 0):
 garbage-first heap   total 55296K, used 16063K [0x00000000a2200000, 0x0000000100000000)
  region size 1024K, 1 young (1024K), 1 survivors (1024K)
 Metaspace       used 24972K, committed 25152K, reserved 1114112K
  class space    used 3179K, committed 3264K, reserved 1048576K
}
Event: 6.318 GC heap before
{Heap before GC invocations=7 (full 0):
 garbage-first heap   total 55296K, used 37567K [0x00000000a2200000, 0x0000000100000000)
  region size 1024K, 22 young (22528K), 1 survivors (1024K)
 Metaspace       used 29779K, committed 30016K, reserved 1114112K
  class space    used 3813K, committed 3904K, reserved 1048576K
}
Event: 6.327 GC heap after
{Heap after GC invocations=8 (full 0):
 garbage-first heap   total 55296K, used 17958K [0x00000000a2200000, 0x0000000100000000)
  region size 1024K, 3 young (3072K), 3 survivors (3072K)
 Metaspace       used 29779K, committed 30016K, reserved 1114112K
  class space    used 3813K, committed 3904K, reserved 1048576K
}
Event: 6.965 GC heap before
{Heap before GC invocations=8 (full 0):
 garbage-first heap   total 55296K, used 38438K [0x00000000a2200000, 0x0000000100000000)
  region size 1024K, 23 young (23552K), 3 survivors (3072K)
 Metaspace       used 32536K, committed 32832K, reserved 1114112K
  class space    used 4154K, committed 4288K, reserved 1048576K
}
Event: 6.972 GC heap after
{Heap after GC invocations=9 (full 0):
 garbage-first heap   total 55296K, used 19514K [0x00000000a2200000, 0x0000000100000000)
  region size 1024K, 2 young (2048K), 2 survivors (2048K)
 Metaspace       used 32536K, committed 32832K, reserved 1114112K
  class space    used 4154K, committed 4288K, reserved 1048576K
}
Event: 7.611 GC heap before
{Heap before GC invocations=9 (full 0):
 garbage-first heap   total 55296K, used 37946K [0x00000000a2200000, 0x0000000100000000)
  region size 1024K, 21 young (21504K), 2 survivors (2048K)
 Metaspace       used 35735K, committed 35968K, reserved 1114112K
  class space    used 4570K, committed 4672K, reserved 1048576K
}
Event: 7.614 GC heap after
{Heap after GC invocations=10 (full 0):
 garbage-first heap   total 55296K, used 20712K [0x00000000a2200000, 0x0000000100000000)
  region size 1024K, 3 young (3072K), 3 survivors (3072K)
 Metaspace       used 35735K, committed 35968K, reserved 1114112K
  class space    used 4570K, committed 4672K, reserved 1048576K
}

